D:/Users/Axel/CLionProjects/Tarea-6.-Lista-ordenada-compuesta/ListaDoble.hpp:151: warning: found documented return type for Lista::AgregarEnPos that does not return anything
D:/Users/Axel/CLionProjects/Tarea-6.-Lista-ordenada-compuesta/ListaDoble.hpp:144: warning: found documented return type for Lista::AgregarFinal that does not return anything
D:/Users/Axel/CLionProjects/Tarea-6.-Lista-ordenada-compuesta/ListaDoble.hpp:137: warning: found documented return type for Lista::AgregarInicio that does not return anything
D:/Users/Axel/CLionProjects/Tarea-6.-Lista-ordenada-compuesta/ListaDoble.hpp:264: warning: found documented return type for Lista::EliminarCondicion that does not return anything
D:/Users/Axel/CLionProjects/Tarea-6.-Lista-ordenada-compuesta/ListaDoble.hpp:172: warning: found documented return type for Lista::EliminarEnPos that does not return anything
D:/Users/Axel/CLionProjects/Tarea-6.-Lista-ordenada-compuesta/ListaDoble.hpp:166: warning: found documented return type for Lista::EliminarFinal that does not return anything
D:/Users/Axel/CLionProjects/Tarea-6.-Lista-ordenada-compuesta/ListaDoble.hpp:160: warning: found documented return type for Lista::EliminarInicio that does not return anything
D:/Users/Axel/CLionProjects/Tarea-6.-Lista-ordenada-compuesta/ListaDoble.hpp:257: warning: found documented return type for Lista::EliminarOcurrencias that does not return anything
D:/Users/Axel/CLionProjects/Tarea-6.-Lista-ordenada-compuesta/ListaDoble.hpp:271: warning: found documented return type for Lista::EliminarRepetidos that does not return anything
D:/Users/Axel/CLionProjects/Tarea-6.-Lista-ordenada-compuesta/ListaDoble.hpp:232: warning: found documented return type for Lista::Imprimir that does not return anything
D:/Users/Axel/CLionProjects/Tarea-6.-Lista-ordenada-compuesta/ListaDoble.hpp:237: warning: found documented return type for Lista::ImprimirReversa that does not return anything
D:/Users/Axel/CLionProjects/Tarea-6.-Lista-ordenada-compuesta/ListaDoble.hpp:277: warning: found documented return type for Lista::Intercambiar that does not return anything
D:/Users/Axel/CLionProjects/Tarea-6.-Lista-ordenada-compuesta/ListaDoble.hpp:215: warning: found documented return type for Lista::ModificarEnPos that does not return anything
D:/Users/Axel/CLionProjects/Tarea-6.-Lista-ordenada-compuesta/ListaDoble.hpp:292: warning: found documented return type for Lista::TransferirDesde that does not return anything
D:/Users/Axel/CLionProjects/Tarea-6.-Lista-ordenada-compuesta/ListaDoble.hpp:283: warning: found documented return type for Lista::TransferirEnRango that does not return anything
D:/Users/Axel/CLionProjects/Tarea-6.-Lista-ordenada-compuesta/ListaDoble.hpp:300: warning: found documented return type for Lista::TransferirTodos that does not return anything
D:/Users/Axel/CLionProjects/Tarea-6.-Lista-ordenada-compuesta/ListaDoble.hpp:227: warning: found documented return type for Lista::Vaciar that does not return anything
D:/Users/Axel/CLionProjects/Tarea-6.-Lista-ordenada-compuesta/ListaOrdenada.hpp:78: warning: found documented return type for ListaOrdenada::Agregar that does not return anything
D:/Users/Axel/CLionProjects/Tarea-6.-Lista-ordenada-compuesta/ListaOrdenada.hpp:111: warning: found documented return type for ListaOrdenada::Imprimir that does not return anything
D:/Users/Axel/CLionProjects/Tarea-6.-Lista-ordenada-compuesta/ListaOrdenada.hpp:116: warning: found documented return type for ListaOrdenada::ImprimirReversa that does not return anything
D:/Users/Axel/CLionProjects/Tarea-6.-Lista-ordenada-compuesta/ListaOrdenada.hpp:96: warning: found documented return type for ListaOrdenada::Vaciar that does not return anything
